C:\USERS\AARON\DOCUMENTS\VISUAL STUDIO 2012\PROJECTS\FOURDFRACTALEXPLORER\FOURDFRACTALEXPLORER\X64\DEBUG\MAIN.OBJ
C:\USERS\AARON\DOCUMENTS\VISUAL STUDIO 2012\PROJECTS\FOURDFRACTALEXPLORER\FOURDFRACTALEXPLORER\X64\DEBUG\QUATERNION.OBJ
C:\USERS\AARON\DOCUMENTS\VISUAL STUDIO 2012\PROJECTS\FOURDFRACTALEXPLORER\FOURDFRACTALEXPLORER\X64\DEBUG\VC110.PDB
C:\USERS\AARON\DOCUMENTS\VISUAL STUDIO 2012\PROJECTS\FOURDFRACTALEXPLORER\X64\DEBUG\FOURDFRACTALEXPLORER.ILK
C:\USERS\AARON\DOCUMENTS\VISUAL STUDIO 2012\PROJECTS\FOURDFRACTALEXPLORER\X64\DEBUG\FOURDFRACTALEXPLORER.EXE
C:\USERS\AARON\DOCUMENTS\VISUAL STUDIO 2012\PROJECTS\FOURDFRACTALEXPLORER\X64\DEBUG\FOURDFRACTALEXPLORER.PDB
C:\Users\Aaron\Documents\Visual Studio 2012\Projects\FourDFractalExplorer\FourDFractalExplorer\x64\Debug\Main.obj
C:\Users\Aaron\Documents\Visual Studio 2012\Projects\FourDFractalExplorer\FourDFractalExplorer\x64\Debug\Quaternion.obj
C:\Users\Aaron\Documents\Visual Studio 2012\Projects\FourDFractalExplorer\FourDFractalExplorer\x64\Debug\cl.command.1.tlog
C:\Users\Aaron\Documents\Visual Studio 2012\Projects\FourDFractalExplorer\FourDFractalExplorer\x64\Debug\CL.read.1.tlog
C:\Users\Aaron\Documents\Visual Studio 2012\Projects\FourDFractalExplorer\FourDFractalExplorer\x64\Debug\CL.write.1.tlog
C:\Users\Aaron\Documents\Visual Studio 2012\Projects\FourDFractalExplorer\FourDFractalExplorer\x64\Debug\link-cvtres.read.1.tlog
C:\Users\Aaron\Documents\Visual Studio 2012\Projects\FourDFractalExplorer\FourDFractalExplorer\x64\Debug\link-cvtres.write.1.tlog
C:\Users\Aaron\Documents\Visual Studio 2012\Projects\FourDFractalExplorer\FourDFractalExplorer\x64\Debug\link-rc.read.1.tlog
C:\Users\Aaron\Documents\Visual Studio 2012\Projects\FourDFractalExplorer\FourDFractalExplorer\x64\Debug\link-rc.write.1.tlog
C:\Users\Aaron\Documents\Visual Studio 2012\Projects\FourDFractalExplorer\FourDFractalExplorer\x64\Debug\link.command.1.tlog
C:\Users\Aaron\Documents\Visual Studio 2012\Projects\FourDFractalExplorer\FourDFractalExplorer\x64\Debug\link.read.1.tlog
C:\Users\Aaron\Documents\Visual Studio 2012\Projects\FourDFractalExplorer\FourDFractalExplorer\x64\Debug\link.write.1.tlog
C:\Users\Aaron\Documents\Visual Studio 2012\Projects\FourDFractalExplorer\FourDFractalExplorer\x64\Debug\vc110.idb
C:\Users\Aaron\Documents\Visual Studio 2012\Projects\FourDFractalExplorer\FourDFractalExplorer\x64\Debug\vc110.pdb
C:\Users\Aaron\Documents\Visual Studio 2012\Projects\FourDFractalExplorer\x64\Debug\FourDFractalExplorer.pdb
C:\Users\Aaron\Documents\Visual Studio 2012\Projects\FourDFractalExplorer\x64\Debug\FourDFractalExplorer.exe
C:\Users\Aaron\Documents\Visual Studio 2012\Projects\FourDFractalExplorer\x64\Debug\FourDFractalExplorer.ilk
